<!DOCTYPE html PUBLIC "-//W3C//DTD XHTML 1.1//EN" "http://www.w3.org/TR/xhtml11/DTD/xhtml11.dtd">
<html xmlns="http://www.w3.org/1999/xhtml">
<head>
<meta http-equiv="content-type" content="text/html; charset=UTF-8"/>
<title>TestNG Report</title>
<style type="text/css">table {margin-bottom:10px;border-collapse:collapse;empty-cells:show}th,td {border:1px solid #009;padding:.25em .5em}th {vertical-align:bottom}td {vertical-align:top}table a {font-weight:bold}.stripe td {background-color: #E6EBF9}.num {text-align:right}.passedodd td {background-color: #3F3}.passedeven td {background-color: #0A0}.skippedodd td {background-color: #DDD}.skippedeven td {background-color: #CCC}.failedodd td,.attn {background-color: #F33}.failedeven td,.stripe .attn {background-color: #D00}.stacktrace {white-space:pre;font-family:monospace}.totop {font-size:85%;text-align:center;border-bottom:2px solid #000}.invisible {display:none}</style>
</head>
<body>
<table>
<tr><th>Test</th><th># Passed</th><th># Skipped</th><th># Failed</th><th>Time (ms)</th><th>Included Groups</th><th>Excluded Groups</th></tr>
<tr><th colspan="7">Default suite</th></tr>
<tr><td><a href="#t0">Default test</a></td><td class="num">18</td><td class="num">0</td><td class="num attn">5</td><td class="num">115,184</td><td></td><td></td></tr>
</table>
<table id='summary'><thead><tr><th>Class</th><th>Method</th><th>Start</th><th>Time (ms)</th></tr></thead><tbody><tr><th colspan="4">Default suite</th></tr></tbody><tbody id="t0"><tr><th colspan="4">Default test &#8212; failed</th></tr><tr class="failedeven"><td rowspan="1">linkedinTestCases.ForgotPasswordTest</td><td><a href="#m0">Verfiy_the_system_keep_the_email</a></td><td rowspan="1">1530472891091</td><td rowspan="1">2653</td></tr><tr class="failedodd"><td rowspan="1">linkedinTestCases.ProfileTest</td><td><a href="#m1">Verfiy_User_can_add_work_experience</a></td><td rowspan="1">1530472923613</td><td rowspan="1">22219</td></tr><tr class="failedeven"><td rowspan="2">linkedinTestCases.RegistrationTest</td><td><a href="#m2">Check_for_invalid_emails</a></td><td rowspan="1">1530472847743</td><td rowspan="1">2961</td></tr><tr class="failedeven"><td><a href="#m3">UserCanRegisterSuccssfully</a></td><td rowspan="1">1530472876759</td><td rowspan="1">3882</td></tr><tr class="failedodd"><td rowspan="1">linkedinTestCases.logInTest</td><td><a href="#m4">Check_for_mandatory_fields</a></td><td rowspan="1">1530472837844</td><td rowspan="1">1360</td></tr><tr><th colspan="4">Default test &#8212; passed</th></tr><tr class="passedeven"><td rowspan="4">linkedinTestCases.ForgotPasswordTest</td><td><a href="#m5">Verfiy_the_system_display_MSG_For_invalid</a></td><td rowspan="2">1530472885870</td><td rowspan="2">5199</td></tr><tr class="passedeven"><td><a href="#m6">Verfiy_the_system_display_MSG_For_invalid</a></td></tr><tr class="passedeven"><td><a href="#m7">Verfiy_the_system_send_email_For_user</a></td><td rowspan="1">1530472893772</td><td rowspan="1">6035</td></tr><tr class="passedeven"><td><a href="#m8">Verfiy_the_user_can_open_forgetpassPage</a></td><td rowspan="1">1530472899807</td><td rowspan="1">1888</td></tr><tr class="passedodd"><td rowspan="1">linkedinTestCases.ProfileTest</td><td><a href="#m9">login_with_valid_data</a></td><td rowspan="1">1530472914666</td><td rowspan="1">8928</td></tr><tr class="passedeven"><td rowspan="11">linkedinTestCases.RegistrationTest</td><td><a href="#m10">Check_for_invalid_emails</a></td><td rowspan="5">1530472841900</td><td rowspan="5">2966</td></tr><tr class="passedeven"><td><a href="#m11">Check_for_invalid_emails</a></td></tr><tr class="passedeven"><td><a href="#m12">Check_for_invalid_emails</a></td></tr><tr class="passedeven"><td><a href="#m13">Check_for_invalid_emails</a></td></tr><tr class="passedeven"><td><a href="#m14">Check_for_invalid_emails</a></td></tr><tr class="passedeven"><td><a href="#m15">Check_for_invalid_password</a></td><td rowspan="2">1530472859533</td><td rowspan="2">2929</td></tr><tr class="passedeven"><td><a href="#m16">Check_for_invalid_password</a></td></tr><tr class="passedeven"><td><a href="#m17">Check_mandatory_fields</a></td><td rowspan="4">1530472865342</td><td rowspan="4">2844</td></tr><tr class="passedeven"><td><a href="#m18">Check_mandatory_fields</a></td></tr><tr class="passedeven"><td><a href="#m19">Check_mandatory_fields</a></td></tr><tr class="passedeven"><td><a href="#m20">Check_mandatory_fields</a></td></tr><tr class="passedodd"><td rowspan="2">linkedinTestCases.logInTest</td><td><a href="#m21">login_with_invalid_data</a></td><td rowspan="1">1530472839770</td><td rowspan="1">2072</td></tr><tr class="passedodd"><td><a href="#m22">login_with_valid_data</a></td><td rowspan="1">1530472901718</td><td rowspan="1">12925</td></tr></tbody>
</table>
<h2>Default test</h2><h3 id="m0">linkedinTestCases.ForgotPasswordTest#Verfiy_the_system_keep_the_email</h3><table class="result"><tr class="param"><th>Parameter #1</th><th>Parameter #2</th></tr><tr class="param stripe"><td>mf069886.test@gmail.com</td><td>m1a2i3</td></tr><tr><th colspan="2">Exception</th></tr><tr><td colspan="2"><div class="stacktrace">java.lang.AssertionError: expected [mf069886.test@gmail.com] but found []
	at org.testng.Assert.fail(Assert.java:96)
	at org.testng.Assert.failNotEquals(Assert.java:776)
	at org.testng.Assert.assertEqualsImpl(Assert.java:137)
	at org.testng.Assert.assertEquals(Assert.java:118)
	at org.testng.Assert.assertEquals(Assert.java:453)
	at org.testng.Assert.assertEquals(Assert.java:463)
	at linkedinTestCases.ForgotPasswordTest.Verfiy_the_system_keep_the_email(ForgotPasswordTest.java:36)
	at sun.reflect.NativeMethodAccessorImpl.invoke0(Native Method)
	at sun.reflect.NativeMethodAccessorImpl.invoke(Unknown Source)
	at sun.reflect.DelegatingMethodAccessorImpl.invoke(Unknown Source)
	at java.lang.reflect.Method.invoke(Unknown Source)
	at org.testng.internal.MethodInvocationHelper.invokeMethod(MethodInvocationHelper.java:124)
	at org.testng.internal.Invoker.invokeMethod(Invoker.java:580)
	at org.testng.internal.Invoker.invokeTestMethod(Invoker.java:716)
	at org.testng.internal.Invoker.invokeTestMethods(Invoker.java:988)
	at org.testng.internal.TestMethodWorker.invokeTestMethods(TestMethodWorker.java:125)
	at org.testng.internal.TestMethodWorker.run(TestMethodWorker.java:109)
	at org.testng.TestRunner.privateRun(TestRunner.java:648)
	at org.testng.TestRunner.run(TestRunner.java:505)
	at org.testng.SuiteRunner.runTest(SuiteRunner.java:455)
	at org.testng.SuiteRunner.runSequentially(SuiteRunner.java:450)
	at org.testng.SuiteRunner.privateRun(SuiteRunner.java:415)
	at org.testng.SuiteRunner.run(SuiteRunner.java:364)
	at org.testng.SuiteRunnerWorker.runSuite(SuiteRunnerWorker.java:52)
	at org.testng.SuiteRunnerWorker.run(SuiteRunnerWorker.java:84)
	at org.testng.TestNG.runSuitesSequentially(TestNG.java:1208)
	at org.testng.TestNG.runSuitesLocally(TestNG.java:1137)
	at org.testng.TestNG.runSuites(TestNG.java:1049)
	at org.testng.TestNG.run(TestNG.java:1017)
	at org.testng.remote.AbstractRemoteTestNG.run(AbstractRemoteTestNG.java:114)
	at org.testng.remote.RemoteTestNG.initAndRun(RemoteTestNG.java:251)
	at org.testng.remote.RemoteTestNG.main(RemoteTestNG.java:77)
</div></td></tr></table><p class="totop"><a href="#summary">back to summary</a></p>
<h3 id="m1">linkedinTestCases.ProfileTest#Verfiy_User_can_add_work_experience</h3><table class="result"><tr class="param"><th>Parameter #1</th><th>Parameter #2</th><th>Parameter #3</th><th>Parameter #4</th><th>Parameter #5</th><th>Parameter #6</th></tr><tr class="param stripe"><td>Title for test</td><td>Company name for test</td><td>companylocation for test</td><td>4</td><td>2017</td><td>avatar-blank.jpg</td></tr><tr><th colspan="6">Exception</th></tr><tr><td colspan="6"><div class="stacktrace">org.openqa.selenium.NoSuchElementException: Unable to locate element: //div[@class=&apos;pe-form-footer__actions pe-form-footer__actions--treasury-edit&apos;]//div//button[@data-control-name=&apos;apply&apos;]
For documentation on this error, please visit: http://seleniumhq.org/exceptions/no_such_element.html
Build info: version: &apos;3.8.1&apos;, revision: &apos;6e95a6684b&apos;, time: &apos;2017-12-01T18:33:54.468Z&apos;
System info: host: &apos;MAI-FATHY&apos;, ip: &apos;10.10.106.179&apos;, os.name: &apos;Windows 10&apos;, os.arch: &apos;amd64&apos;, os.version: &apos;10.0&apos;, java.version: &apos;1.8.0_171&apos;
Driver info: org.openqa.selenium.firefox.FirefoxDriver
Capabilities {acceptInsecureCerts: true, browserName: firefox, browserVersion: 59.0.3, javascriptEnabled: true, moz:accessibilityChecks: false, moz:headless: false, moz:processID: 22588, moz:profile: C:\Users\mai.fathy\AppData\..., moz:useNonSpecCompliantPointerOrigin: false, moz:webdriverClick: true, pageLoadStrategy: normal, platform: XP, platformName: XP, platformVersion: 10.0, rotatable: false, timeouts: {implicit: 0, pageLoad: 300000, script: 30000}}
Session ID: 54fc14fd-1795-4407-b0c9-03a092193563
*** Element info: {Using=xpath, value=//div[@class=&apos;pe-form-footer__actions pe-form-footer__actions--treasury-edit&apos;]//div//button[@data-control-name=&apos;apply&apos;]}
	at sun.reflect.NativeConstructorAccessorImpl.newInstance0(Native Method)
	at sun.reflect.NativeConstructorAccessorImpl.newInstance(Unknown Source)
	at sun.reflect.DelegatingConstructorAccessorImpl.newInstance(Unknown Source)
	at java.lang.reflect.Constructor.newInstance(Unknown Source)
	at org.openqa.selenium.remote.http.W3CHttpResponseCodec.createException(W3CHttpResponseCodec.java:187)
	at org.openqa.selenium.remote.http.W3CHttpResponseCodec.decode(W3CHttpResponseCodec.java:122)
	at org.openqa.selenium.remote.http.W3CHttpResponseCodec.decode(W3CHttpResponseCodec.java:49)
	at org.openqa.selenium.remote.HttpCommandExecutor.execute(HttpCommandExecutor.java:164)
	at org.openqa.selenium.remote.service.DriverCommandExecutor.execute(DriverCommandExecutor.java:83)
	at org.openqa.selenium.remote.RemoteWebDriver.execute(RemoteWebDriver.java:601)
	at org.openqa.selenium.remote.RemoteWebDriver.findElement(RemoteWebDriver.java:371)
	at org.openqa.selenium.remote.RemoteWebDriver.findElementByXPath(RemoteWebDriver.java:473)
	at org.openqa.selenium.By$ByXPath.findElement(By.java:361)
	at org.openqa.selenium.remote.RemoteWebDriver.findElement(RemoteWebDriver.java:363)
	at linkedinPages.ProfilePage.add_Work_experience(ProfilePage.java:42)
	at linkedinTestCases.ProfileTest.Verfiy_User_can_add_work_experience(ProfileTest.java:39)
	at sun.reflect.NativeMethodAccessorImpl.invoke0(Native Method)
	at sun.reflect.NativeMethodAccessorImpl.invoke(Unknown Source)
	at sun.reflect.DelegatingMethodAccessorImpl.invoke(Unknown Source)
	at java.lang.reflect.Method.invoke(Unknown Source)
	at org.testng.internal.MethodInvocationHelper.invokeMethod(MethodInvocationHelper.java:124)
	at org.testng.internal.Invoker.invokeMethod(Invoker.java:580)
	at org.testng.internal.Invoker.invokeTestMethod(Invoker.java:716)
	at org.testng.internal.Invoker.invokeTestMethods(Invoker.java:988)
	at org.testng.internal.TestMethodWorker.invokeTestMethods(TestMethodWorker.java:125)
	at org.testng.internal.TestMethodWorker.run(TestMethodWorker.java:109)
	at org.testng.TestRunner.privateRun(TestRunner.java:648)
	at org.testng.TestRunner.run(TestRunner.java:505)
	at org.testng.SuiteRunner.runTest(SuiteRunner.java:455)
	at org.testng.SuiteRunner.runSequentially(SuiteRunner.java:450)
	at org.testng.SuiteRunner.privateRun(SuiteRunner.java:415)
	at org.testng.SuiteRunner.run(SuiteRunner.java:364)
	at org.testng.SuiteRunnerWorker.runSuite(SuiteRunnerWorker.java:52)
	at org.testng.SuiteRunnerWorker.run(SuiteRunnerWorker.java:84)
	at org.testng.TestNG.runSuitesSequentially(TestNG.java:1208)
	at org.testng.TestNG.runSuitesLocally(TestNG.java:1137)
	at org.testng.TestNG.runSuites(TestNG.java:1049)
	at org.testng.TestNG.run(TestNG.java:1017)
	at org.testng.remote.AbstractRemoteTestNG.run(AbstractRemoteTestNG.java:114)
	at org.testng.remote.RemoteTestNG.initAndRun(RemoteTestNG.java:251)
	at org.testng.remote.RemoteTestNG.main(RemoteTestNG.java:77)
</div></td></tr></table><p class="totop"><a href="#summary">back to summary</a></p>
<h3 id="m2">linkedinTestCases.RegistrationTest#Check_for_invalid_emails</h3><table class="result"><tr class="param"><th>Parameter #1</th></tr><tr class="param stripe"><td>test1n@-domain.com</td></tr><tr><th>Exception</th></tr><tr><td><div class="stacktrace">java.lang.AssertionError: expected [Please enter a valid email address] but found [Password must be 6 characters or more]
	at org.testng.Assert.fail(Assert.java:96)
	at org.testng.Assert.failNotEquals(Assert.java:776)
	at org.testng.Assert.assertEqualsImpl(Assert.java:137)
	at org.testng.Assert.assertEquals(Assert.java:118)
	at org.testng.Assert.assertEquals(Assert.java:453)
	at org.testng.Assert.assertEquals(Assert.java:463)
	at linkedinTestCases.RegistrationTest.Check_for_invalid_emails(RegistrationTest.java:70)
	at sun.reflect.NativeMethodAccessorImpl.invoke0(Native Method)
	at sun.reflect.NativeMethodAccessorImpl.invoke(Unknown Source)
	at sun.reflect.DelegatingMethodAccessorImpl.invoke(Unknown Source)
	at java.lang.reflect.Method.invoke(Unknown Source)
	at org.testng.internal.MethodInvocationHelper.invokeMethod(MethodInvocationHelper.java:124)
	at org.testng.internal.Invoker.invokeMethod(Invoker.java:580)
	at org.testng.internal.Invoker.invokeTestMethod(Invoker.java:716)
	at org.testng.internal.Invoker.invokeTestMethods(Invoker.java:988)
	at org.testng.internal.TestMethodWorker.invokeTestMethods(TestMethodWorker.java:125)
	at org.testng.internal.TestMethodWorker.run(TestMethodWorker.java:109)
	at org.testng.TestRunner.privateRun(TestRunner.java:648)
	at org.testng.TestRunner.run(TestRunner.java:505)
	at org.testng.SuiteRunner.runTest(SuiteRunner.java:455)
	at org.testng.SuiteRunner.runSequentially(SuiteRunner.java:450)
	at org.testng.SuiteRunner.privateRun(SuiteRunner.java:415)
	at org.testng.SuiteRunner.run(SuiteRunner.java:364)
	at org.testng.SuiteRunnerWorker.runSuite(SuiteRunnerWorker.java:52)
	at org.testng.SuiteRunnerWorker.run(SuiteRunnerWorker.java:84)
	at org.testng.TestNG.runSuitesSequentially(TestNG.java:1208)
	at org.testng.TestNG.runSuitesLocally(TestNG.java:1137)
	at org.testng.TestNG.runSuites(TestNG.java:1049)
	at org.testng.TestNG.run(TestNG.java:1017)
	at org.testng.remote.AbstractRemoteTestNG.run(AbstractRemoteTestNG.java:114)
	at org.testng.remote.RemoteTestNG.initAndRun(RemoteTestNG.java:251)
	at org.testng.remote.RemoteTestNG.main(RemoteTestNG.java:77)
</div></td></tr></table><p class="totop"><a href="#summary">back to summary</a></p>
<h3 id="m3">linkedinTestCases.RegistrationTest#UserCanRegisterSuccssfully</h3><table class="result"><tr class="param"><th>Parameter #1</th><th>Parameter #2</th><th>Parameter #3</th><th>Parameter #4</th><th>Parameter #5</th><th>Parameter #6</th></tr><tr class="param stripe"><td>marwa</td><td>fathy</td><td>m.f0145@gmail.com</td><td>1.2345678E7</td><td>eg</td><td>01126184667</td></tr><tr><th colspan="6">Exception</th></tr><tr><td colspan="6"><div class="stacktrace">org.openqa.selenium.NoSuchElementException: Unable to locate element: //*[@id=&quot;cp-challenge-form-page1&quot;]/fieldset/ul/li[1]/div/label[1]
For documentation on this error, please visit: http://seleniumhq.org/exceptions/no_such_element.html
Build info: version: &apos;3.8.1&apos;, revision: &apos;6e95a6684b&apos;, time: &apos;2017-12-01T18:33:54.468Z&apos;
System info: host: &apos;MAI-FATHY&apos;, ip: &apos;10.10.106.179&apos;, os.name: &apos;Windows 10&apos;, os.arch: &apos;amd64&apos;, os.version: &apos;10.0&apos;, java.version: &apos;1.8.0_171&apos;
Driver info: org.openqa.selenium.firefox.FirefoxDriver
Capabilities {acceptInsecureCerts: true, browserName: firefox, browserVersion: 59.0.3, javascriptEnabled: true, moz:accessibilityChecks: false, moz:headless: false, moz:processID: 22588, moz:profile: C:\Users\mai.fathy\AppData\..., moz:useNonSpecCompliantPointerOrigin: false, moz:webdriverClick: true, pageLoadStrategy: normal, platform: XP, platformName: XP, platformVersion: 10.0, rotatable: false, timeouts: {implicit: 0, pageLoad: 300000, script: 30000}}
Session ID: 54fc14fd-1795-4407-b0c9-03a092193563
*** Element info: {Using=xpath, value=//*[@id=&quot;cp-challenge-form-page1&quot;]/fieldset/ul/li[1]/div/label[1]}
	at sun.reflect.NativeConstructorAccessorImpl.newInstance0(Native Method)
	at sun.reflect.NativeConstructorAccessorImpl.newInstance(Unknown Source)
	at sun.reflect.DelegatingConstructorAccessorImpl.newInstance(Unknown Source)
	at java.lang.reflect.Constructor.newInstance(Unknown Source)
	at org.openqa.selenium.remote.http.W3CHttpResponseCodec.createException(W3CHttpResponseCodec.java:187)
	at org.openqa.selenium.remote.http.W3CHttpResponseCodec.decode(W3CHttpResponseCodec.java:122)
	at org.openqa.selenium.remote.http.W3CHttpResponseCodec.decode(W3CHttpResponseCodec.java:49)
	at org.openqa.selenium.remote.HttpCommandExecutor.execute(HttpCommandExecutor.java:164)
	at org.openqa.selenium.remote.service.DriverCommandExecutor.execute(DriverCommandExecutor.java:83)
	at org.openqa.selenium.remote.RemoteWebDriver.execute(RemoteWebDriver.java:601)
	at org.openqa.selenium.remote.RemoteWebDriver.findElement(RemoteWebDriver.java:371)
	at org.openqa.selenium.remote.RemoteWebDriver.findElementByXPath(RemoteWebDriver.java:473)
	at org.openqa.selenium.By$ByXPath.findElement(By.java:361)
	at org.openqa.selenium.remote.RemoteWebDriver.findElement(RemoteWebDriver.java:363)
	at linkedinPages.HomePage.EnterSecurityData(HomePage.java:42)
	at linkedinTestCases.RegistrationTest.UserCanRegisterSuccssfully(RegistrationTest.java:29)
	at sun.reflect.NativeMethodAccessorImpl.invoke0(Native Method)
	at sun.reflect.NativeMethodAccessorImpl.invoke(Unknown Source)
	at sun.reflect.DelegatingMethodAccessorImpl.invoke(Unknown Source)
	at java.lang.reflect.Method.invoke(Unknown Source)
	at org.testng.internal.MethodInvocationHelper.invokeMethod(MethodInvocationHelper.java:124)
	at org.testng.internal.Invoker.invokeMethod(Invoker.java:580)
	at org.testng.internal.Invoker.invokeTestMethod(Invoker.java:716)
	at org.testng.internal.Invoker.invokeTestMethods(Invoker.java:988)
	at org.testng.internal.TestMethodWorker.invokeTestMethods(TestMethodWorker.java:125)
	at org.testng.internal.TestMethodWorker.run(TestMethodWorker.java:109)
	at org.testng.TestRunner.privateRun(TestRunner.java:648)
	at org.testng.TestRunner.run(TestRunner.java:505)
	at org.testng.SuiteRunner.runTest(SuiteRunner.java:455)
	at org.testng.SuiteRunner.runSequentially(SuiteRunner.java:450)
	at org.testng.SuiteRunner.privateRun(SuiteRunner.java:415)
	at org.testng.SuiteRunner.run(SuiteRunner.java:364)
	at org.testng.SuiteRunnerWorker.runSuite(SuiteRunnerWorker.java:52)
	at org.testng.SuiteRunnerWorker.run(SuiteRunnerWorker.java:84)
	at org.testng.TestNG.runSuitesSequentially(TestNG.java:1208)
	at org.testng.TestNG.runSuitesLocally(TestNG.java:1137)
	at org.testng.TestNG.runSuites(TestNG.java:1049)
	at org.testng.TestNG.run(TestNG.java:1017)
	at org.testng.remote.AbstractRemoteTestNG.run(AbstractRemoteTestNG.java:114)
	at org.testng.remote.RemoteTestNG.initAndRun(RemoteTestNG.java:251)
	at org.testng.remote.RemoteTestNG.main(RemoteTestNG.java:77)
</div></td></tr></table><p class="totop"><a href="#summary">back to summary</a></p>
<h3 id="m4">linkedinTestCases.logInTest#Check_for_mandatory_fields</h3><table class="result"><tr><th>Exception</th></tr><tr><td><div class="stacktrace">java.lang.AssertionError: expected [Please enter a valid email address] but found [null]
	at org.testng.Assert.fail(Assert.java:96)
	at org.testng.Assert.failNotEquals(Assert.java:776)
	at org.testng.Assert.assertEqualsImpl(Assert.java:132)
	at org.testng.Assert.assertEquals(Assert.java:118)
	at org.testng.Assert.assertEquals(Assert.java:453)
	at org.testng.Assert.assertEquals(Assert.java:463)
	at linkedinTestCases.logInTest.Check_for_mandatory_fields(logInTest.java:47)
	at sun.reflect.NativeMethodAccessorImpl.invoke0(Native Method)
	at sun.reflect.NativeMethodAccessorImpl.invoke(Unknown Source)
	at sun.reflect.DelegatingMethodAccessorImpl.invoke(Unknown Source)
	at java.lang.reflect.Method.invoke(Unknown Source)
	at org.testng.internal.MethodInvocationHelper.invokeMethod(MethodInvocationHelper.java:124)
	at org.testng.internal.Invoker.invokeMethod(Invoker.java:580)
	at org.testng.internal.Invoker.invokeTestMethod(Invoker.java:716)
	at org.testng.internal.Invoker.invokeTestMethods(Invoker.java:988)
	at org.testng.internal.TestMethodWorker.invokeTestMethods(TestMethodWorker.java:125)
	at org.testng.internal.TestMethodWorker.run(TestMethodWorker.java:109)
	at org.testng.TestRunner.privateRun(TestRunner.java:648)
	at org.testng.TestRunner.run(TestRunner.java:505)
	at org.testng.SuiteRunner.runTest(SuiteRunner.java:455)
	at org.testng.SuiteRunner.runSequentially(SuiteRunner.java:450)
	at org.testng.SuiteRunner.privateRun(SuiteRunner.java:415)
	at org.testng.SuiteRunner.run(SuiteRunner.java:364)
	at org.testng.SuiteRunnerWorker.runSuite(SuiteRunnerWorker.java:52)
	at org.testng.SuiteRunnerWorker.run(SuiteRunnerWorker.java:84)
	at org.testng.TestNG.runSuitesSequentially(TestNG.java:1208)
	at org.testng.TestNG.runSuitesLocally(TestNG.java:1137)
	at org.testng.TestNG.runSuites(TestNG.java:1049)
	at org.testng.TestNG.run(TestNG.java:1017)
	at org.testng.remote.AbstractRemoteTestNG.run(AbstractRemoteTestNG.java:114)
	at org.testng.remote.RemoteTestNG.initAndRun(RemoteTestNG.java:251)
	at org.testng.remote.RemoteTestNG.main(RemoteTestNG.java:77)
</div></td></tr></table><p class="totop"><a href="#summary">back to summary</a></p>
<h3 id="m5">linkedinTestCases.ForgotPasswordTest#Verfiy_the_system_display_MSG_For_invalid</h3><table class="result"><tr class="param"><th>Parameter #1</th></tr><tr class="param stripe"><td>mai.gmail.com</td></tr></table><p class="totop"><a href="#summary">back to summary</a></p>
<h3 id="m6">linkedinTestCases.ForgotPasswordTest#Verfiy_the_system_display_MSG_For_invalid</h3><table class="result"><tr class="param"><th>Parameter #1</th></tr><tr class="param stripe"><td></td></tr></table><p class="totop"><a href="#summary">back to summary</a></p>
<h3 id="m7">linkedinTestCases.ForgotPasswordTest#Verfiy_the_system_send_email_For_user</h3><table class="result"><tr class="param"><th>Parameter #1</th><th>Parameter #2</th></tr><tr class="param stripe"><td>mf069886.test@gmail.com</td><td>m1a2i3</td></tr></table><p class="totop"><a href="#summary">back to summary</a></p>
<h3 id="m8">linkedinTestCases.ForgotPasswordTest#Verfiy_the_user_can_open_forgetpassPage</h3><table class="result"><tr><th class="invisible"/></tr></table><p class="totop"><a href="#summary">back to summary</a></p>
<h3 id="m9">linkedinTestCases.ProfileTest#login_with_valid_data</h3><table class="result"><tr class="param"><th>Parameter #1</th><th>Parameter #2</th></tr><tr class="param stripe"><td>mf069886.test@gmail.com</td><td>m1a2i3</td></tr></table><p class="totop"><a href="#summary">back to summary</a></p>
<h3 id="m10">linkedinTestCases.RegistrationTest#Check_for_invalid_emails</h3><table class="result"><tr class="param"><th>Parameter #1</th></tr><tr class="param stripe"><td>test3@@</td></tr></table><p class="totop"><a href="#summary">back to summary</a></p>
<h3 id="m11">linkedinTestCases.RegistrationTest#Check_for_invalid_emails</h3><table class="result"><tr class="param"><th>Parameter #1</th></tr><tr class="param stripe"><td>test1l@domain..com</td></tr></table><p class="totop"><a href="#summary">back to summary</a></p>
<h3 id="m12">linkedinTestCases.RegistrationTest#Check_for_invalid_emails</h3><table class="result"><tr class="param"><th>Parameter #1</th></tr><tr class="param stripe"><td>test1@111.222.333.44444</td></tr></table><p class="totop"><a href="#summary">back to summary</a></p>
<h3 id="m13">linkedinTestCases.RegistrationTest#Check_for_invalid_emails</h3><table class="result"><tr class="param"><th>Parameter #1</th></tr><tr class="param stripe"><td>test1â€¦</td></tr></table><p class="totop"><a href="#summary">back to summary</a></p>
<h3 id="m14">linkedinTestCases.RegistrationTest#Check_for_invalid_emails</h3><table class="result"><tr class="param"><th>Parameter #1</th></tr><tr class="param stripe"><td>test1.email.domain.com</td></tr></table><p class="totop"><a href="#summary">back to summary</a></p>
<h3 id="m15">linkedinTestCases.RegistrationTest#Check_for_invalid_password</h3><table class="result"><tr class="param"><th>Parameter #1</th><th>Parameter #2</th></tr><tr class="param stripe"><td>1d23</td><td>Password must be 6 characters or more</td></tr></table><p class="totop"><a href="#summary">back to summary</a></p>
<h3 id="m16">linkedinTestCases.RegistrationTest#Check_for_invalid_password</h3><table class="result"><tr class="param"><th>Parameter #1</th><th>Parameter #2</th></tr><tr class="param stripe"><td>aaaaaa</td><td>Please enter a more secure password.</td></tr></table><p class="totop"><a href="#summary">back to summary</a></p>
<h3 id="m17">linkedinTestCases.RegistrationTest#Check_mandatory_fields</h3><table class="result"><tr class="param"><th>Parameter #1</th><th>Parameter #2</th><th>Parameter #3</th><th>Parameter #4</th><th>Parameter #5</th></tr><tr class="param stripe"><td></td><td>user1</td><td>Test@123.com</td><td>sd4e7rr4d1</td><td>Please enter your first name</td></tr></table><p class="totop"><a href="#summary">back to summary</a></p>
<h3 id="m18">linkedinTestCases.RegistrationTest#Check_mandatory_fields</h3><table class="result"><tr class="param"><th>Parameter #1</th><th>Parameter #2</th><th>Parameter #3</th><th>Parameter #4</th><th>Parameter #5</th></tr><tr class="param stripe"><td>user1</td><td>test</td><td>Test@123.com</td><td></td><td>Please enter your password</td></tr></table><p class="totop"><a href="#summary">back to summary</a></p>
<h3 id="m19">linkedinTestCases.RegistrationTest#Check_mandatory_fields</h3><table class="result"><tr class="param"><th>Parameter #1</th><th>Parameter #2</th><th>Parameter #3</th><th>Parameter #4</th><th>Parameter #5</th></tr><tr class="param stripe"><td>user1</td><td></td><td>Test@123.com</td><td>sd4e7rr4d1</td><td>Please enter your last name</td></tr></table><p class="totop"><a href="#summary">back to summary</a></p>
<h3 id="m20">linkedinTestCases.RegistrationTest#Check_mandatory_fields</h3><table class="result"><tr class="param"><th>Parameter #1</th><th>Parameter #2</th><th>Parameter #3</th><th>Parameter #4</th><th>Parameter #5</th></tr><tr class="param stripe"><td>user1</td><td>test</td><td></td><td>sd4e7rr4d1</td><td>Please enter your email address</td></tr></table><p class="totop"><a href="#summary">back to summary</a></p>
<h3 id="m21">linkedinTestCases.logInTest#login_with_invalid_data</h3><table class="result"><tr class="param"><th>Parameter #1</th><th>Parameter #2</th></tr><tr class="param stripe"><td>test@gmail.com</td><td>123456.0</td></tr></table><p class="totop"><a href="#summary">back to summary</a></p>
<h3 id="m22">linkedinTestCases.logInTest#login_with_valid_data</h3><table class="result"><tr class="param"><th>Parameter #1</th><th>Parameter #2</th></tr><tr class="param stripe"><td>mf069886.test@gmail.com</td><td>m1a2i3</td></tr></table><p class="totop"><a href="#summary">back to summary</a></p>
</body>
</html>
